<?xml version="1.0" encoding="utf-8"?><testsuites name="pytest tests"><testsuite name="pytest" errors="0" failures="1" skipped="0" tests="10" time="5.421" timestamp="2026-05-16T21:25:35.111286+00:00" hostname="agent-env-d3efb43b-cce2-47f6-8e42-944cae91a3a0"><testcase classname="backend.tests.test_v21_features.TestSiteSettings" name="test_get_site_settings_public_returns_all_keys" time="0.315" /><testcase classname="backend.tests.test_v21_features.TestSiteSettings" name="test_put_site_settings_requires_admin" time="0.240" /><testcase classname="backend.tests.test_v21_features.TestSiteSettings" name="test_put_site_settings_updates_and_filters" time="1.178" /><testcase classname="backend.tests.test_v21_features.TestAdminReviewDateOverride" name="test_admin_review_with_custom_created_at" time="1.019" /><testcase classname="backend.tests.test_v21_features.TestAdminReviewDateOverride" name="test_admin_review_without_created_at_uses_now" time="0.355" /><testcase classname="backend.tests.test_v21_features.TestGuestOrderLinking" name="test_link_guest_orders_requires_auth" time="0.177" /><testcase classname="backend.tests.test_v21_features.TestGuestOrderLinking" name="test_link_guest_orders_success" time="0.369"><failure message="assert 0 &gt;= 1">backend/tests/test_v21_features.py:222: in test_link_guest_orders_success
    assert result["linked"] &gt;= 1
E   assert 0 &gt;= 1</failure></testcase><testcase classname="backend.tests.test_v21_features.TestGuestOrderLinking" name="test_link_guest_orders_empty_list" time="0.201" /><testcase classname="backend.tests.test_v21_features.TestOrderAutoLinkByEmail" name="test_guest_order_with_registered_email_auto_links" time="0.321" /><testcase classname="backend.tests.test_v21_features.TestStockZeroProductVisible" name="test_zero_stock_product_still_returned" time="0.597" /></testsuite></testsuites>