<?xml version="1.0" encoding="utf-8"?><testsuites name="pytest tests"><testsuite name="pytest" errors="0" failures="0" skipped="0" tests="50" time="23.324" timestamp="2026-05-16T22:24:02.476942+00:00" hostname="agent-env-d3efb43b-cce2-47f6-8e42-944cae91a3a0"><testcase classname="backend.tests.test_coolbreeze.TestAuth" name="test_session_with_fake_id_returns_401" time="2.368" /><testcase classname="backend.tests.test_coolbreeze.TestAuth" name="test_auth_me_with_bearer" time="0.183" /><testcase classname="backend.tests.test_coolbreeze.TestAuth" name="test_auth_me_no_auth_returns_401" time="0.152" /><testcase classname="backend.tests.test_coolbreeze.TestAuth" name="test_auth_me_with_cookie" time="0.137" /><testcase classname="backend.tests.test_coolbreeze.TestProducts" name="test_products_have_required_fields" time="0.184" /><testcase classname="backend.tests.test_coolbreeze.TestProducts" name="test_products_count_at_least_10" time="0.001" /><testcase classname="backend.tests.test_coolbreeze.TestReviews" name="test_create_review_unauth_401" time="0.192" /><testcase classname="backend.tests.test_coolbreeze.TestReviews" name="test_create_review_authed" time="1.521" /><testcase classname="backend.tests.test_coolbreeze.TestReviews" name="test_create_review_rejects_more_than_3_images" time="0.155" /><testcase classname="backend.tests.test_coolbreeze.TestReviews" name="test_create_review_invalid_rating" time="0.208" /><testcase classname="backend.tests.test_coolbreeze.TestOrders" name="test_create_multi_item_order_guest" time="0.483" /><testcase classname="backend.tests.test_coolbreeze.TestOrders" name="test_track_order_public" time="0.135" /><testcase classname="backend.tests.test_coolbreeze.TestOrders" name="test_track_order_unknown_404" time="0.143" /><testcase classname="backend.tests.test_coolbreeze.TestOrders" name="test_my_orders_requires_auth" time="0.124" /><testcase classname="backend.tests.test_coolbreeze.TestOrders" name="test_my_orders_authed" time="0.308" /><testcase classname="backend.tests.test_coolbreeze.TestAdminColorVariants" name="test_create_product_with_color_variants" time="0.815" /><testcase classname="backend.tests.test_coolbreeze.TestAdminReview" name="test_admin_create_review_with_base64" time="0.256" /><testcase classname="backend.tests.test_coolbreeze.TestAdminEndpoints" name="test_admin_stats" time="0.139" /><testcase classname="backend.tests.test_coolbreeze.TestAdminEndpoints" name="test_admin_orders_list" time="0.148" /><testcase classname="backend.tests.test_coolbreeze.TestAdminEndpoints" name="test_admin_no_token_401" time="0.140" /><testcase classname="backend.tests.test_v21_features.TestSiteSettings" name="test_get_site_settings_public_returns_all_keys" time="0.140" /><testcase classname="backend.tests.test_v21_features.TestSiteSettings" name="test_put_site_settings_requires_admin" time="0.154" /><testcase classname="backend.tests.test_v21_features.TestSiteSettings" name="test_put_site_settings_updates_and_filters" time="0.985" /><testcase classname="backend.tests.test_v21_features.TestAdminReviewDateOverride" name="test_admin_review_with_custom_created_at" time="0.888" /><testcase classname="backend.tests.test_v21_features.TestAdminReviewDateOverride" name="test_admin_review_without_created_at_uses_now" time="0.300" /><testcase classname="backend.tests.test_v21_features.TestGuestOrderLinking" name="test_link_guest_orders_requires_auth" time="0.141" /><testcase classname="backend.tests.test_v21_features.TestGuestOrderLinking" name="test_link_guest_orders_success" time="0.726" /><testcase classname="backend.tests.test_v21_features.TestGuestOrderLinking" name="test_link_guest_orders_empty_list" time="0.159" /><testcase classname="backend.tests.test_v21_features.TestOrderAutoLinkByEmail" name="test_guest_order_with_registered_email_auto_links" time="0.338" /><testcase classname="backend.tests.test_v21_features.TestStockZeroProductVisible" name="test_zero_stock_product_still_returned" time="0.611" /><testcase classname="backend.tests.test_v22_features" name="test_admin_login_all_three_gmails[ockmicrosoft.games@gmail.com]" time="0.481" /><testcase classname="backend.tests.test_v22_features" name="test_admin_login_all_three_gmails[tradebyabdul@gmail.com]" time="0.455" /><testcase classname="backend.tests.test_v22_features" name="test_admin_login_all_three_gmails[royalu101@gmail.com]" time="0.463" /><testcase classname="backend.tests.test_v22_features" name="test_admin_login_wrong_password_401" time="0.446" /><testcase classname="backend.tests.test_v22_features" name="test_legacy_admin_still_works" time="0.456" /><testcase classname="backend.tests.test_v22_features" name="test_check_access_no_auth_401" time="0.147" /><testcase classname="backend.tests.test_v22_features" name="test_check_access_non_admin_user_returns_false" time="0.155" /><testcase classname="backend.tests.test_v22_features" name="test_check_access_allowed_admin_returns_true" time="0.163" /><testcase classname="backend.tests.test_v22_features" name="test_forgot_password_returns_generic_for_unknown_email" time="0.154" /><testcase classname="backend.tests.test_v22_features" name="test_forgot_password_creates_db_record_and_returns_quickly" time="0.746" /><testcase classname="backend.tests.test_v22_features" name="test_forgot_password_for_unverified_resend_email_still_200" time="0.639" /><testcase classname="backend.tests.test_v22_features" name="test_reset_password_short_password_returns_400" time="0.441" /><testcase classname="backend.tests.test_v22_features" name="test_reset_password_invalid_code_returns_400_and_increments_attempts" time="0.727" /><testcase classname="backend.tests.test_v22_features" name="test_reset_password_too_many_attempts_returns_429" time="0.437" /><testcase classname="backend.tests.test_v22_features" name="test_reset_password_expired_returns_400" time="0.451" /><testcase classname="backend.tests.test_v22_features" name="test_reset_password_success_updates_password_and_deletes_record" time="3.112" /><testcase classname="backend.tests.test_v22_features" name="test_put_testimonials_replaces_list_and_get_settings_reflects" time="0.847" /><testcase classname="backend.tests.test_v22_features" name="test_put_testimonials_requires_admin_token" time="0.137" /><testcase classname="backend.tests.test_v22_features" name="test_get_site_settings_public_works" time="0.126" /><testcase classname="backend.tests.test_v22_features" name="test_products_endpoint_works" time="0.135" /></testsuite></testsuites>