<?xml version="1.0" encoding="utf-8"?><testsuites name="pytest tests"><testsuite name="pytest" errors="0" failures="0" skipped="0" tests="20" time="4.441" timestamp="2026-05-16T20:23:09.295264+00:00" hostname="agent-env-d3efb43b-cce2-47f6-8e42-944cae91a3a0"><testcase classname="backend.tests.test_coolbreeze.TestAuth" name="test_session_with_fake_id_returns_401" time="0.337" /><testcase classname="backend.tests.test_coolbreeze.TestAuth" name="test_auth_me_with_bearer" time="0.130" /><testcase classname="backend.tests.test_coolbreeze.TestAuth" name="test_auth_me_no_auth_returns_401" time="0.130" /><testcase classname="backend.tests.test_coolbreeze.TestAuth" name="test_auth_me_with_cookie" time="0.150" /><testcase classname="backend.tests.test_coolbreeze.TestProducts" name="test_products_have_required_fields" time="0.129" /><testcase classname="backend.tests.test_coolbreeze.TestProducts" name="test_products_count_at_least_10" time="0.000" /><testcase classname="backend.tests.test_coolbreeze.TestReviews" name="test_create_review_unauth_401" time="0.141" /><testcase classname="backend.tests.test_coolbreeze.TestReviews" name="test_create_review_authed" time="0.279" /><testcase classname="backend.tests.test_coolbreeze.TestReviews" name="test_create_review_rejects_more_than_3_images" time="0.136" /><testcase classname="backend.tests.test_coolbreeze.TestReviews" name="test_create_review_invalid_rating" time="0.127" /><testcase classname="backend.tests.test_coolbreeze.TestOrders" name="test_create_multi_item_order_guest" time="0.467" /><testcase classname="backend.tests.test_coolbreeze.TestOrders" name="test_track_order_public" time="0.126" /><testcase classname="backend.tests.test_coolbreeze.TestOrders" name="test_track_order_unknown_404" time="0.138" /><testcase classname="backend.tests.test_coolbreeze.TestOrders" name="test_my_orders_requires_auth" time="0.128" /><testcase classname="backend.tests.test_coolbreeze.TestOrders" name="test_my_orders_authed" time="0.303" /><testcase classname="backend.tests.test_coolbreeze.TestAdminColorVariants" name="test_create_product_with_color_variants" time="0.891" /><testcase classname="backend.tests.test_coolbreeze.TestAdminReview" name="test_admin_create_review_with_base64" time="0.253" /><testcase classname="backend.tests.test_coolbreeze.TestAdminEndpoints" name="test_admin_stats" time="0.140" /><testcase classname="backend.tests.test_coolbreeze.TestAdminEndpoints" name="test_admin_orders_list" time="0.125" /><testcase classname="backend.tests.test_coolbreeze.TestAdminEndpoints" name="test_admin_no_token_401" time="0.140" /></testsuite></testsuites>