<?xml version="1.0" encoding="utf-8"?><testsuites name="pytest tests"><testsuite name="pytest" errors="0" failures="0" skipped="0" tests="15" time="5.361" timestamp="2026-05-16T18:43:49.153250+00:00" hostname="agent-env-d3efb43b-cce2-47f6-8e42-944cae91a3a0"><testcase classname="backend.tests.test_coolbreeze.TestPublicProducts" name="test_get_products_returns_10" time="0.299" /><testcase classname="backend.tests.test_coolbreeze.TestPublicProducts" name="test_get_product_detail" time="0.281" /><testcase classname="backend.tests.test_coolbreeze.TestPublicProducts" name="test_invalid_product_id" time="0.179" /><testcase classname="backend.tests.test_coolbreeze.TestOrders" name="test_create_order" time="0.495" /><testcase classname="backend.tests.test_coolbreeze.TestAdminAuth" name="test_admin_login_success" time="0.440" /><testcase classname="backend.tests.test_coolbreeze.TestAdminAuth" name="test_admin_login_wrong_password" time="0.417" /><testcase classname="backend.tests.test_coolbreeze.TestAdminAuth" name="test_admin_me" time="0.631" /><testcase classname="backend.tests.test_coolbreeze.TestAdminAuth" name="test_unauthenticated_access_blocked" time="0.168" /><testcase classname="backend.tests.test_coolbreeze.TestAdminStats" name="test_get_stats" time="0.170" /><testcase classname="backend.tests.test_coolbreeze.TestAdminProducts" name="test_get_all_products" time="0.118" /><testcase classname="backend.tests.test_coolbreeze.TestAdminProducts" name="test_create_update_delete_product" time="0.566" /><testcase classname="backend.tests.test_coolbreeze.TestAdminOrders" name="test_get_orders" time="0.125" /><testcase classname="backend.tests.test_coolbreeze.TestAdminOrders" name="test_update_order_status" time="0.495" /><testcase classname="backend.tests.test_coolbreeze.TestAdminReviews" name="test_get_reviews" time="0.145" /><testcase classname="backend.tests.test_coolbreeze.TestAdminReviews" name="test_create_delete_review" time="0.426" /></testsuite></testsuites>